TN:
SF:server\seed-users.js
FN:54,seedUsers
FN:69,(anonymous_1)
FN:103,(anonymous_2)
FNF:3
FNH:0
FNDA:0,seedUsers
FNDA:0,(anonymous_1)
FNDA:0,(anonymous_2)
DA:4,0
DA:5,0
DA:6,0
DA:8,0
DA:16,0
DA:55,0
DA:56,0
DA:59,0
DA:60,0
DA:62,0
DA:63,0
DA:64,0
DA:69,0
DA:70,0
DA:72,0
DA:74,0
DA:75,0
DA:76,0
DA:80,0
DA:81,0
DA:82,0
DA:86,0
DA:88,0
DA:89,0
DA:91,0
DA:97,0
DA:100,0
DA:101,0
DA:102,0
DA:103,0
DA:104,0
DA:105,0
DA:106,0
DA:107,0
DA:110,0
DA:112,0
DA:113,0
DA:114,0
DA:116,0
DA:121,0
LF:40
LH:0
BRDA:10,0,0,0
BRDA:10,0,1,0
BRDA:62,1,0,0
BRDA:62,1,1,0
BRDA:74,2,0,0
BRDA:74,2,1,0
BRDA:113,3,0,0
BRDA:113,3,1,0
BRF:8
BRH:0
end_of_record
TN:
SF:server\services\authService.js
FN:10,(anonymous_0)
FN:18,(anonymous_1)
FN:76,(anonymous_2)
FN:139,(anonymous_3)
FN:167,(anonymous_4)
FN:177,(anonymous_5)
FN:203,(anonymous_6)
FN:209,(anonymous_7)
FN:214,(anonymous_8)
FN:222,(anonymous_9)
FN:231,(anonymous_10)
FN:256,(anonymous_11)
FN:268,(anonymous_12)
FN:279,(anonymous_13)
FN:286,(anonymous_14)
FN:297,(anonymous_15)
FN:303,(anonymous_16)
FN:309,(anonymous_17)
FN:316,(anonymous_18)
FN:335,(anonymous_19)
FNF:20
FNH:0
FNDA:0,(anonymous_0)
FNDA:0,(anonymous_1)
FNDA:0,(anonymous_2)
FNDA:0,(anonymous_3)
FNDA:0,(anonymous_4)
FNDA:0,(anonymous_5)
FNDA:0,(anonymous_6)
FNDA:0,(anonymous_7)
FNDA:0,(anonymous_8)
FNDA:0,(anonymous_9)
FNDA:0,(anonymous_10)
FNDA:0,(anonymous_11)
FNDA:0,(anonymous_12)
FNDA:0,(anonymous_13)
FNDA:0,(anonymous_14)
FNDA:0,(anonymous_15)
FNDA:0,(anonymous_16)
FNDA:0,(anonymous_17)
FNDA:0,(anonymous_18)
FNDA:0,(anonymous_19)
DA:4,0
DA:5,0
DA:6,0
DA:7,0
DA:11,0
DA:12,0
DA:13,0
DA:14,0
DA:19,0
DA:22,0
DA:23,0
DA:27,0
DA:28,0
DA:29,0
DA:33,0
DA:34,0
DA:38,0
DA:47,0
DA:48,0
DA:51,0
DA:57,0
DA:59,0
DA:77,0
DA:79,0
DA:80,0
DA:84,0
DA:85,0
DA:86,0
DA:87,0
DA:91,0
DA:92,0
DA:93,0
DA:94,0
DA:98,0
DA:99,0
DA:103,0
DA:106,0
DA:107,0
DA:110,0
DA:116,0
DA:119,0
DA:121,0
DA:140,0
DA:141,0
DA:143,0
DA:144,0
DA:147,0
DA:148,0
DA:149,0
DA:153,0
DA:155,0
DA:162,0
DA:168,0
DA:169,0
DA:170,0
DA:172,0
DA:178,0
DA:179,0
DA:181,0
DA:182,0
DA:185,0
DA:186,0
DA:187,0
DA:190,0
DA:191,0
DA:193,0
DA:198,0
DA:204,0
DA:210,0
DA:215,0
DA:223,0
DA:232,0
DA:233,0
DA:234,0
DA:237,0
DA:238,0
DA:239,0
DA:242,0
DA:243,0
DA:246,0
DA:247,0
DA:248,0
DA:250,0
DA:252,0
DA:257,0
DA:258,0
DA:260,0
DA:264,0
DA:269,0
DA:270,0
DA:271,0
DA:273,0
DA:282,0
DA:287,0
DA:293,0
DA:294,0
DA:298,0
DA:299,0
DA:304,0
DA:305,0
DA:306,0
DA:310,0
DA:311,0
DA:312,0
DA:317,0
DA:318,0
DA:320,0
DA:325,0
DA:327,0
DA:336,0
DA:337,0
DA:343,0
DA:345,0
DA:346,0
DA:349,0
DA:353,0
LF:116
LH:0
BRDA:11,0,0,0
BRDA:11,0,1,0
BRDA:12,1,0,0
BRDA:12,1,1,0
BRDA:13,2,0,0
BRDA:13,2,1,0
BRDA:22,3,0,0
BRDA:22,3,1,0
BRDA:22,4,0,0
BRDA:22,4,1,0
BRDA:22,4,2,0
BRDA:22,4,3,0
BRDA:22,4,4,0
BRDA:28,5,0,0
BRDA:28,5,1,0
BRDA:33,6,0,0
BRDA:33,6,1,0
BRDA:79,7,0,0
BRDA:79,7,1,0
BRDA:79,8,0,0
BRDA:79,8,1,0
BRDA:79,8,2,0
BRDA:85,9,0,0
BRDA:85,9,1,0
BRDA:92,10,0,0
BRDA:92,10,1,0
BRDA:98,11,0,0
BRDA:98,11,1,0
BRDA:143,12,0,0
BRDA:143,12,1,0
BRDA:148,13,0,0
BRDA:148,13,1,0
BRDA:181,14,0,0
BRDA:181,14,1,0
BRDA:186,15,0,0
BRDA:186,15,1,0
BRDA:233,16,0,0
BRDA:233,16,1,0
BRDA:238,17,0,0
BRDA:238,17,1,0
BRDA:242,18,0,0
BRDA:242,18,1,0
BRDA:257,19,0,0
BRDA:257,19,1,0
BRDA:258,20,0,0
BRDA:258,20,1,0
BRDA:316,21,0,0
BRDA:345,22,0,0
BRDA:345,22,1,0
BRF:49
BRH:0
end_of_record
TN:
SF:server\services\dbService.js
FN:8,(anonymous_0)
FN:16,(anonymous_1)
FN:22,(anonymous_2)
FN:36,(anonymous_3)
FN:42,(anonymous_4)
FN:48,(anonymous_5)
FN:53,(anonymous_6)
FN:67,(anonymous_7)
FN:76,(anonymous_8)
FN:88,(anonymous_9)
FN:94,(anonymous_10)
FN:107,(anonymous_11)
FN:120,(anonymous_12)
FN:126,(anonymous_13)
FN:135,(anonymous_14)
FN:142,(anonymous_15)
FN:155,(anonymous_16)
FN:160,(anonymous_17)
FN:166,(anonymous_18)
FN:174,(anonymous_19)
FN:186,(anonymous_20)
FN:197,(anonymous_21)
FN:209,(anonymous_22)
FN:230,(anonymous_23)
FN:235,(anonymous_24)
FN:246,(anonymous_25)
FN:253,(anonymous_26)
FN:267,(anonymous_27)
FN:294,(anonymous_28)
FNF:29
FNH:0
FNDA:0,(anonymous_0)
FNDA:0,(anonymous_1)
FNDA:0,(anonymous_2)
FNDA:0,(anonymous_3)
FNDA:0,(anonymous_4)
FNDA:0,(anonymous_5)
FNDA:0,(anonymous_6)
FNDA:0,(anonymous_7)
FNDA:0,(anonymous_8)
FNDA:0,(anonymous_9)
FNDA:0,(anonymous_10)
FNDA:0,(anonymous_11)
FNDA:0,(anonymous_12)
FNDA:0,(anonymous_13)
FNDA:0,(anonymous_14)
FNDA:0,(anonymous_15)
FNDA:0,(anonymous_16)
FNDA:0,(anonymous_17)
FNDA:0,(anonymous_18)
FNDA:0,(anonymous_19)
FNDA:0,(anonymous_20)
FNDA:0,(anonymous_21)
FNDA:0,(anonymous_22)
FNDA:0,(anonymous_23)
FNDA:0,(anonymous_24)
FNDA:0,(anonymous_25)
FNDA:0,(anonymous_26)
FNDA:0,(anonymous_27)
FNDA:0,(anonymous_28)
DA:4,0
DA:5,0
DA:9,0
DA:16,0
DA:17,0
DA:23,0
DA:24,0
DA:26,0
DA:32,0
DA:33,0
DA:37,0
DA:38,0
DA:39,0
DA:43,0
DA:44,0
DA:45,0
DA:49,0
DA:50,0
DA:54,0
DA:62,0
DA:63,0
DA:68,0
DA:73,0
DA:77,0
DA:84,0
DA:85,0
DA:89,0
DA:90,0
DA:95,0
DA:97,0
DA:103,0
DA:104,0
DA:108,0
DA:116,0
DA:117,0
DA:121,0
DA:122,0
DA:127,0
DA:132,0
DA:136,0
DA:137,0
DA:138,0
DA:143,0
DA:152,0
DA:156,0
DA:157,0
DA:161,0
DA:162,0
DA:167,0
DA:171,0
DA:175,0
DA:181,0
DA:182,0
DA:187,0
DA:193,0
DA:194,0
DA:198,0
DA:204,0
DA:205,0
DA:210,0
DA:211,0
DA:212,0
DA:222,0
DA:231,0
DA:236,0
DA:241,0
DA:243,0
DA:247,0
DA:248,0
DA:250,0
DA:254,0
DA:262,0
DA:263,0
DA:268,0
DA:271,0
DA:272,0
DA:274,0
DA:275,0
DA:279,0
DA:281,0
DA:287,0
DA:291,0
DA:295,0
DA:314,0
DA:315,0
DA:319,0
LF:86
LH:0
BRDA:11,0,0,0
BRDA:11,0,1,0
BRDA:107,1,0,0
BRDA:174,2,0,0
BRDA:186,3,0,0
BRDA:274,4,0,0
BRDA:274,4,1,0
BRF:7
BRH:0
end_of_record
TN:
SF:services\encryptionService.js
FN:7,(anonymous_0)
FN:15,(anonymous_1)
FN:20,(anonymous_2)
FN:25,(anonymous_3)
FN:48,(anonymous_4)
FN:65,(anonymous_5)
FN:78,(anonymous_6)
FN:87,(anonymous_7)
FN:100,(anonymous_8)
FN:117,(anonymous_9)
FN:129,(anonymous_10)
FN:146,(anonymous_11)
FN:164,(anonymous_12)
FN:172,(anonymous_13)
FN:177,(anonymous_14)
FN:188,(anonymous_15)
FN:193,(anonymous_16)
FN:212,(anonymous_17)
FN:224,(anonymous_18)
FN:230,(anonymous_19)
FNF:20
FNH:0
FNDA:0,(anonymous_0)
FNDA:0,(anonymous_1)
FNDA:0,(anonymous_2)
FNDA:0,(anonymous_3)
FNDA:0,(anonymous_4)
FNDA:0,(anonymous_5)
FNDA:0,(anonymous_6)
FNDA:0,(anonymous_7)
FNDA:0,(anonymous_8)
FNDA:0,(anonymous_9)
FNDA:0,(anonymous_10)
FNDA:0,(anonymous_11)
FNDA:0,(anonymous_12)
FNDA:0,(anonymous_13)
FNDA:0,(anonymous_14)
FNDA:0,(anonymous_15)
FNDA:0,(anonymous_16)
FNDA:0,(anonymous_17)
FNDA:0,(anonymous_18)
FNDA:0,(anonymous_19)
DA:4,0
DA:9,0
DA:10,0
DA:11,0
DA:16,0
DA:21,0
DA:26,0
DA:27,0
DA:28,0
DA:30,0
DA:31,0
DA:33,0
DA:35,0
DA:42,0
DA:43,0
DA:49,0
DA:50,0
DA:51,0
DA:52,0
DA:54,0
DA:55,0
DA:57,0
DA:59,0
DA:60,0
DA:66,0
DA:71,0
DA:79,0
DA:80,0
DA:88,0
DA:89,0
DA:91,0
DA:101,0
DA:102,0
DA:109,0
DA:111,0
DA:112,0
DA:119,0
DA:120,0
DA:122,0
DA:130,0
DA:132,0
DA:133,0
DA:134,0
DA:136,0
DA:137,0
DA:139,0
DA:147,0
DA:149,0
DA:150,0
DA:151,0
DA:152,0
DA:154,0
DA:156,0
DA:157,0
DA:160,0
DA:165,0
DA:173,0
DA:178,0
DA:189,0
DA:194,0
DA:195,0
DA:197,0
DA:202,0
DA:204,0
DA:213,0
DA:214,0
DA:215,0
DA:217,0
DA:225,0
DA:226,0
DA:231,0
DA:233,0
DA:234,0
DA:236,0
DA:238,0
DA:242,0
LF:76
LH:0
BRDA:9,0,0,0
BRDA:9,0,1,0
BRDA:10,1,0,0
BRDA:10,1,1,0
BRDA:25,2,0,0
BRDA:48,3,0,0
BRDA:68,4,0,0
BRDA:68,4,1,0
BRDA:93,5,0,0
BRDA:93,5,1,0
BRDA:156,6,0,0
BRDA:156,6,1,0
BRDA:172,7,0,0
BRDA:231,8,0,0
BRDA:231,8,1,0
BRDA:234,9,0,0
BRDA:234,9,1,0
BRF:17
BRH:0
end_of_record
TN:
SF:services\honeypotService.js
FN:7,(anonymous_0)
FN:45,(anonymous_1)
FN:65,(anonymous_2)
FN:119,(anonymous_3)
FN:129,(anonymous_4)
FN:142,(anonymous_5)
FN:148,(anonymous_6)
FN:173,(anonymous_7)
FN:194,(anonymous_8)
FN:201,(anonymous_9)
FN:205,(anonymous_10)
FN:221,(anonymous_11)
FN:227,(anonymous_12)
FN:248,(anonymous_13)
FN:266,(anonymous_14)
FN:276,(anonymous_15)
FN:294,(anonymous_16)
FN:303,(anonymous_17)
FN:327,(anonymous_18)
FN:332,(anonymous_19)
FN:343,(anonymous_20)
FN:344,(anonymous_21)
FNF:22
FNH:0
FNDA:0,(anonymous_0)
FNDA:0,(anonymous_1)
FNDA:0,(anonymous_2)
FNDA:0,(anonymous_3)
FNDA:0,(anonymous_4)
FNDA:0,(anonymous_5)
FNDA:0,(anonymous_6)
FNDA:0,(anonymous_7)
FNDA:0,(anonymous_8)
FNDA:0,(anonymous_9)
FNDA:0,(anonymous_10)
FNDA:0,(anonymous_11)
FNDA:0,(anonymous_12)
FNDA:0,(anonymous_13)
FNDA:0,(anonymous_14)
FNDA:0,(anonymous_15)
FNDA:0,(anonymous_16)
FNDA:0,(anonymous_17)
FNDA:0,(anonymous_18)
FNDA:0,(anonymous_19)
FNDA:0,(anonymous_20)
FNDA:0,(anonymous_21)
DA:4,0
DA:8,0
DA:9,0
DA:10,0
DA:11,0
DA:32,0
DA:46,0
DA:47,0
DA:48,0
DA:49,0
DA:50,0
DA:52,0
DA:61,0
DA:62,0
DA:65,0
DA:66,0
DA:67,0
DA:71,0
DA:72,0
DA:73,0
DA:74,0
DA:75,0
DA:80,0
DA:81,0
DA:82,0
DA:83,0
DA:84,0
DA:85,0
DA:90,0
DA:91,0
DA:92,0
DA:96,0
DA:97,0
DA:98,0
DA:102,0
DA:105,0
DA:108,0
DA:110,0
DA:120,0
DA:130,0
DA:131,0
DA:138,0
DA:139,0
DA:142,0
DA:144,0
DA:149,0
DA:155,0
DA:160,0
DA:161,0
DA:165,0
DA:166,0
DA:169,0
DA:174,0
DA:177,0
DA:178,0
DA:181,0
DA:183,0
DA:185,0
DA:187,0
DA:189,0
DA:195,0
DA:200,0
DA:201,0
DA:212,0
DA:217,0
DA:222,0
DA:223,0
DA:228,0
DA:229,0
DA:243,0
DA:249,0
DA:260,0
DA:261,0
DA:262,0
DA:266,0
DA:267,0
DA:269,0
DA:272,0
DA:277,0
DA:278,0
DA:280,0
DA:281,0
DA:282,0
DA:290,0
DA:295,0
DA:296,0
DA:297,0
DA:298,0
DA:304,0
DA:305,0
DA:311,0
DA:312,0
DA:313,0
DA:317,0
DA:328,0
DA:330,0
DA:332,0
DA:335,0
DA:337,0
DA:344,0
DA:345,0
DA:346,0
DA:349,0
DA:351,0
DA:353,0
DA:356,0
DA:358,0
DA:364,0
DA:369,0
DA:376,0
DA:378,0
DA:379,0
DA:385,0
LF:113
LH:0
BRDA:8,0,0,0
BRDA:8,0,1,0
BRDA:9,1,0,0
BRDA:9,1,1,0
BRDA:47,2,0,0
BRDA:47,2,1,0
BRDA:50,3,0,0
BRDA:50,3,1,0
BRDA:57,4,0,0
BRDA:57,4,1,0
BRDA:65,5,0,0
BRDA:65,5,1,0
BRDA:73,6,0,0
BRDA:73,6,1,0
BRDA:81,7,0,0
BRDA:81,7,1,0
BRDA:83,8,0,0
BRDA:83,8,1,0
BRDA:90,9,0,0
BRDA:90,9,1,0
BRDA:96,10,0,0
BRDA:96,10,1,0
BRDA:114,11,0,0
BRDA:114,11,1,0
BRDA:120,12,0,0
BRDA:120,12,1,0
BRDA:120,12,2,0
BRDA:120,12,3,0
BRDA:120,12,4,0
BRDA:124,13,0,0
BRDA:124,13,1,0
BRDA:130,14,0,0
BRDA:130,14,1,0
BRDA:149,15,0,0
BRDA:149,15,1,0
BRDA:160,16,0,0
BRDA:160,16,1,0
BRDA:165,17,0,0
BRDA:165,17,1,0
BRDA:165,18,0,0
BRDA:165,18,1,0
BRDA:177,19,0,0
BRDA:177,19,1,0
BRDA:177,20,0,0
BRDA:177,20,1,0
BRDA:177,20,2,0
BRDA:181,21,0,0
BRDA:181,21,1,0
BRDA:181,21,2,0
BRDA:181,21,3,0
BRDA:261,22,0,0
BRDA:261,22,1,0
BRDA:261,23,0,0
BRDA:261,23,1,0
BRDA:281,24,0,0
BRDA:281,24,1,0
BRDA:281,25,0,0
BRDA:281,25,1,0
BRDA:295,26,0,0
BRDA:295,26,1,0
BRDA:303,27,0,0
BRDA:304,28,0,0
BRDA:304,28,1,0
BRDA:335,29,0,0
BRDA:335,29,1,0
BRDA:335,30,0,0
BRDA:335,30,1,0
BRDA:335,30,2,0
BRDA:351,31,0,0
BRDA:351,31,1,0
BRDA:356,32,0,0
BRDA:356,32,1,0
BRDA:356,32,2,0
BRF:73
BRH:0
end_of_record
TN:
SF:services\pushNotificationService.js
FN:8,(anonymous_0)
FN:27,(anonymous_1)
FN:34,(anonymous_2)
FN:60,(anonymous_3)
FN:71,(anonymous_4)
FN:90,(anonymous_5)
FN:126,(anonymous_6)
FN:139,(anonymous_7)
FN:150,(anonymous_8)
FN:163,(anonymous_9)
FN:176,(anonymous_10)
FN:195,(anonymous_11)
FN:213,(anonymous_12)
FN:231,(anonymous_13)
FN:248,(anonymous_14)
FN:265,(anonymous_15)
FN:270,(anonymous_16)
FN:279,(anonymous_17)
FN:284,(anonymous_18)
FN:300,(anonymous_19)
FN:318,(anonymous_20)
FN:339,(anonymous_21)
FN:340,(anonymous_22)
FN:341,(anonymous_23)
FNF:24
FNH:0
FNDA:0,(anonymous_0)
FNDA:0,(anonymous_1)
FNDA:0,(anonymous_2)
FNDA:0,(anonymous_3)
FNDA:0,(anonymous_4)
FNDA:0,(anonymous_5)
FNDA:0,(anonymous_6)
FNDA:0,(anonymous_7)
FNDA:0,(anonymous_8)
FNDA:0,(anonymous_9)
FNDA:0,(anonymous_10)
FNDA:0,(anonymous_11)
FNDA:0,(anonymous_12)
FNDA:0,(anonymous_13)
FNDA:0,(anonymous_14)
FNDA:0,(anonymous_15)
FNDA:0,(anonymous_16)
FNDA:0,(anonymous_17)
FNDA:0,(anonymous_18)
FNDA:0,(anonymous_19)
FNDA:0,(anonymous_20)
FNDA:0,(anonymous_21)
FNDA:0,(anonymous_22)
FNDA:0,(anonymous_23)
DA:4,0
DA:5,0
DA:10,0
DA:16,0
DA:23,0
DA:28,0
DA:29,0
DA:30,0
DA:34,0
DA:35,0
DA:38,0
DA:40,0
DA:43,0
DA:46,0
DA:51,0
DA:52,0
DA:61,0
DA:62,0
DA:63,0
DA:69,0
DA:70,0
DA:71,0
DA:74,0
DA:76,0
DA:81,0
DA:82,0
DA:91,0
DA:92,0
DA:93,0
DA:99,0
DA:100,0
DA:102,0
DA:103,0
DA:104,0
DA:109,0
DA:116,0
DA:117,0
DA:125,0
DA:126,0
DA:130,0
DA:131,0
DA:140,0
DA:142,0
DA:143,0
DA:146,0
DA:151,0
DA:153,0
DA:155,0
DA:156,0
DA:162,0
DA:163,0
DA:167,0
DA:168,0
DA:177,0
DA:191,0
DA:196,0
DA:209,0
DA:214,0
DA:227,0
DA:232,0
DA:244,0
DA:249,0
DA:261,0
DA:266,0
DA:271,0
DA:272,0
DA:273,0
DA:275,0
DA:280,0
DA:285,0
DA:287,0
DA:292,0
DA:295,0
DA:301,0
DA:302,0
DA:304,0
DA:305,0
DA:306,0
DA:307,0
DA:309,0
DA:313,0
DA:319,0
DA:330,0
DA:331,0
DA:332,0
DA:335,0
DA:340,0
DA:341,0
DA:342,0
DA:343,0
DA:349,0
LF:91
LH:0
BRDA:11,0,0,0
BRDA:11,0,1,0
BRDA:12,1,0,0
BRDA:12,1,1,0
BRDA:17,2,0,0
BRDA:17,2,1,0
BRDA:29,3,0,0
BRDA:29,3,1,0
BRDA:38,4,0,0
BRDA:38,4,1,0
BRDA:62,5,0,0
BRDA:62,5,1,0
BRDA:90,6,0,0
BRDA:92,7,0,0
BRDA:92,7,1,0
BRDA:139,8,0,0
BRDA:150,9,0,0
BRDA:179,10,0,0
BRDA:179,10,1,0
BRDA:216,11,0,0
BRDA:216,11,1,0
BRDA:266,12,0,0
BRDA:266,12,1,0
BRDA:306,13,0,0
BRDA:306,13,1,0
BRF:25
BRH:0
end_of_record
TN:
SF:services\websocketService.js
FN:5,(anonymous_0)
FN:14,(anonymous_1)
FN:31,(anonymous_2)
FN:53,(anonymous_3)
FN:54,(anonymous_4)
FN:66,(anonymous_5)
FN:72,(anonymous_6)
FN:82,(anonymous_7)
FN:94,(anonymous_8)
FN:101,(anonymous_9)
FN:109,(anonymous_10)
FN:116,(anonymous_11)
FN:129,(anonymous_12)
FN:141,(anonymous_13)
FN:167,(anonymous_14)
FN:189,(anonymous_15)
FN:195,(anonymous_16)
FN:203,(anonymous_17)
FN:213,(anonymous_18)
FN:229,(anonymous_19)
FN:235,(anonymous_20)
FN:240,(anonymous_21)
FN:248,(anonymous_22)
FN:258,(anonymous_23)
FN:265,(anonymous_24)
FN:275,(anonymous_25)
FN:291,(anonymous_26)
FNF:27
FNH:0
FNDA:0,(anonymous_0)
FNDA:0,(anonymous_1)
FNDA:0,(anonymous_2)
FNDA:0,(anonymous_3)
FNDA:0,(anonymous_4)
FNDA:0,(anonymous_5)
FNDA:0,(anonymous_6)
FNDA:0,(anonymous_7)
FNDA:0,(anonymous_8)
FNDA:0,(anonymous_9)
FNDA:0,(anonymous_10)
FNDA:0,(anonymous_11)
FNDA:0,(anonymous_12)
FNDA:0,(anonymous_13)
FNDA:0,(anonymous_14)
FNDA:0,(anonymous_15)
FNDA:0,(anonymous_16)
FNDA:0,(anonymous_17)
FNDA:0,(anonymous_18)
FNDA:0,(anonymous_19)
FNDA:0,(anonymous_20)
FNDA:0,(anonymous_21)
FNDA:0,(anonymous_22)
FNDA:0,(anonymous_23)
FNDA:0,(anonymous_24)
FNDA:0,(anonymous_25)
FNDA:0,(anonymous_26)
DA:6,0
DA:7,0
DA:8,0
DA:9,0
DA:10,0
DA:16,0
DA:19,0
DA:20,0
DA:22,0
DA:25,0
DA:27,0
DA:33,0
DA:36,0
DA:37,0
DA:38,0
DA:39,0
DA:44,0
DA:45,0
DA:46,0
DA:49,0
DA:54,0
DA:55,0
DA:56,0
DA:58,0
DA:59,0
DA:63,0
DA:66,0
DA:73,0
DA:74,0
DA:76,0
DA:78,0
DA:83,0
DA:84,0
DA:85,0
DA:86,0
DA:90,0
DA:95,0
DA:96,0
DA:99,0
DA:101,0
DA:102,0
DA:104,0
DA:110,0
DA:111,0
DA:114,0
DA:116,0
DA:117,0
DA:118,0
DA:119,0
DA:120,0
DA:122,0
DA:130,0
DA:131,0
DA:132,0
DA:133,0
DA:135,0
DA:142,0
DA:143,0
DA:146,0
DA:148,0
DA:149,0
DA:151,0
DA:155,0
DA:163,0
DA:168,0
DA:170,0
DA:171,0
DA:172,0
DA:174,0
DA:175,0
DA:176,0
DA:178,0
DA:190,0
DA:196,0
DA:197,0
DA:200,0
DA:201,0
DA:203,0
DA:204,0
DA:205,0
DA:209,0
DA:214,0
DA:217,0
DA:218,0
DA:219,0
DA:230,0
DA:231,0
DA:236,0
DA:240,0
DA:249,0
DA:250,0
DA:251,0
DA:254,0
DA:259,0
DA:260,0
DA:263,0
DA:265,0
DA:266,0
DA:267,0
DA:268,0
DA:270,0
DA:276,0
DA:277,0
DA:278,0
DA:279,0
DA:284,0
DA:292,0
DA:293,0
DA:294,0
DA:295,0
DA:296,0
DA:303,0
LF:112
LH:0
BRDA:19,0,0,0
BRDA:19,0,1,0
BRDA:36,1,0,0
BRDA:36,1,1,0
BRDA:38,2,0,0
BRDA:38,2,1,0
BRDA:44,3,0,0
BRDA:44,3,1,0
BRDA:55,4,0,0
BRDA:55,4,1,0
BRDA:73,5,0,0
BRDA:73,5,1,0
BRDA:83,6,0,0
BRDA:83,6,1,0
BRDA:85,7,0,0
BRDA:85,7,1,0
BRDA:94,8,0,0
BRDA:95,9,0,0
BRDA:95,9,1,0
BRDA:102,10,0,0
BRDA:102,10,1,0
BRDA:110,11,0,0
BRDA:110,11,1,0
BRDA:118,12,0,0
BRDA:118,12,1,0
BRDA:118,13,0,0
BRDA:118,13,1,0
BRDA:131,14,0,0
BRDA:131,14,1,0
BRDA:131,15,0,0
BRDA:131,15,1,0
BRDA:142,16,0,0
BRDA:142,16,1,0
BRDA:148,17,0,0
BRDA:148,17,1,0
BRDA:168,18,0,0
BRDA:168,18,1,0
BRDA:175,19,0,0
BRDA:175,19,1,0
BRDA:190,20,0,0
BRDA:190,20,1,0
BRDA:196,21,0,0
BRDA:196,21,1,0
BRDA:204,22,0,0
BRDA:204,22,1,0
BRDA:218,23,0,0
BRDA:218,23,1,0
BRDA:250,24,0,0
BRDA:250,24,1,0
BRDA:259,25,0,0
BRDA:259,25,1,0
BRDA:267,26,0,0
BRDA:267,26,1,0
BRDA:277,27,0,0
BRDA:277,27,1,0
BRDA:293,28,0,0
BRDA:293,28,1,0
BRDA:295,29,0,0
BRDA:295,29,1,0
BRF:59
BRH:0
end_of_record
